

Microchip MPLAB XC8 Assembler V2.40 build 20220703182018 
                                                                                               Sun Aug 27 01:29:17 2023

Microchip MPLAB XC8 C Compiler v2.40 (Free license) build 20220703182018 Og1 
     1                           	processor	16F887
     2                           	pagewidth 120
     3                           	opt	flic
     4                           	psect	idataCOMMON,global,class=CODE,delta=2,noexec
     5                           	psect	nvBANK0,global,class=BANK0,space=1,delta=1,noexec
     6                           	psect	cinit,global,class=CODE,merge=1,delta=2
     7                           	psect	bssCOMMON,global,class=COMMON,space=1,delta=1,noexec
     8                           	psect	dataCOMMON,global,class=COMMON,space=1,delta=1,noexec
     9                           	psect	bssBANK0,global,class=BANK0,space=1,delta=1,noexec
    10                           	psect	cstackCOMMON,global,class=COMMON,space=1,delta=1,noexec
    11                           	psect	cstackBANK0,global,class=BANK0,space=1,delta=1,noexec
    12                           	psect	maintext,global,class=CODE,split=1,delta=2
    13                           	psect	text1,local,class=CODE,merge=1,delta=2
    14                           	psect	text2,local,class=CODE,merge=1,delta=2
    15                           	psect	text3,local,class=CODE,merge=1,delta=2
    16                           	psect	text4,local,class=CODE,merge=1,delta=2
    17                           	psect	text5,local,class=CODE,merge=1,delta=2
    18                           	psect	text6,local,class=CODE,merge=1,delta=2
    19                           	psect	intentry,global,class=CODE,delta=2
    20                           	psect	idloc,global,abs,ovrld,class=IDLOC,space=5,delta=2,noexec
    21                           	psect	config,global,abs,ovrld,class=CONFIG,space=4,delta=2,noexec
    22                           	dabs	1,0x7E,2
    23     0000                     
    24                           ; Version 2.40
    25                           ; Generated 17/11/2021 GMT
    26                           ; 
    27                           ; Copyright © 2021, Microchip Technology Inc. and its subsidiaries ("Microchip")
    28                           ; All rights reserved.
    29                           ; 
    30                           ; This software is developed by Microchip Technology Inc. and its subsidiaries ("Microch
      +                          ip").
    31                           ; 
    32                           ; Redistribution and use in source and binary forms, with or without modification, are
    33                           ; permitted provided that the following conditions are met:
    34                           ; 
    35                           ;     1. Redistributions of source code must retain the above copyright notice, this lis
      +                          t of
    36                           ;        conditions and the following disclaimer.
    37                           ; 
    38                           ;     2. Redistributions in binary form must reproduce the above copyright notice, this 
      +                          list
    39                           ;        of conditions and the following disclaimer in the documentation and/or other
    40                           ;        materials provided with the distribution. Publication is not required when
    41                           ;        this file is used in an embedded application.
    42                           ; 
    43                           ;     3. Microchip's name may not be used to endorse or promote products derived from th
      +                          is
    44                           ;        software without specific prior written permission.
    45                           ; 
    46                           ; THIS SOFTWARE IS PROVIDED BY MICROCHIP "AS IS" AND ANY EXPRESS OR IMPLIED WARRANTIES,
    47                           ; INCLUDING, BUT NOT LIMITED TO, THE IMPLIED WARRANTIES OF MERCHANTABILITY AND FITNESS F
      +                          OR
    48                           ; PURPOSE ARE DISCLAIMED.  IN NO EVENT SHALL MICROCHIP BE LIABLE FOR ANY DIRECT, INDIREC
      +                          T,
    49                           ; INCIDENTAL, SPECIAL, EXEMPLARY, OR CONSEQUENTIAL DAMAGES (INCLUDING BUT NOT LIMITED TO
    50                           ; PROCUREMENT OF SUBSTITUTE GOODS OR SERVICES; LOSS OF USE, DATA OR PROFITS; OR BUSINESS
    51                           ; INTERRUPTION) HOWSOEVER CAUSED AND ON ANY THEORY OF LIABILITY, WHETHER IN CONTRACT, ST
      +                          RICT
    52                           ; LIABILITY, OR TORT (INCLUDING NEGLIGENCE OR OTHERWISE) ARISING IN ANY WAY OUT OF THE U
      +                          SE OF
    53                           ; THIS SOFTWARE, EVEN IF ADVISED OF THE POSSIBILITY OF SUCH DAMAGE.
    54                           ; 
    55                           ; 
    56                           ; Code-generator required, PIC16F887 Definitions
    57                           ; 
    58                           ; SFR Addresses
    59     0000                     	;# 
    60     0001                     	;# 
    61     0002                     	;# 
    62     0003                     	;# 
    63     0004                     	;# 
    64     0005                     	;# 
    65     0006                     	;# 
    66     0007                     	;# 
    67     0008                     	;# 
    68     0009                     	;# 
    69     000A                     	;# 
    70     000B                     	;# 
    71     000C                     	;# 
    72     000D                     	;# 
    73     000E                     	;# 
    74     000E                     	;# 
    75     000F                     	;# 
    76     0010                     	;# 
    77     0011                     	;# 
    78     0012                     	;# 
    79     0013                     	;# 
    80     0014                     	;# 
    81     0015                     	;# 
    82     0015                     	;# 
    83     0016                     	;# 
    84     0017                     	;# 
    85     0018                     	;# 
    86     0019                     	;# 
    87     001A                     	;# 
    88     001B                     	;# 
    89     001B                     	;# 
    90     001C                     	;# 
    91     001D                     	;# 
    92     001E                     	;# 
    93     001F                     	;# 
    94     0081                     	;# 
    95     0085                     	;# 
    96     0086                     	;# 
    97     0087                     	;# 
    98     0088                     	;# 
    99     0089                     	;# 
   100     008C                     	;# 
   101     008D                     	;# 
   102     008E                     	;# 
   103     008F                     	;# 
   104     0090                     	;# 
   105     0091                     	;# 
   106     0092                     	;# 
   107     0093                     	;# 
   108     0093                     	;# 
   109     0093                     	;# 
   110     0094                     	;# 
   111     0095                     	;# 
   112     0096                     	;# 
   113     0097                     	;# 
   114     0098                     	;# 
   115     0099                     	;# 
   116     009A                     	;# 
   117     009B                     	;# 
   118     009C                     	;# 
   119     009D                     	;# 
   120     009E                     	;# 
   121     009F                     	;# 
   122     0105                     	;# 
   123     0107                     	;# 
   124     0108                     	;# 
   125     0109                     	;# 
   126     010C                     	;# 
   127     010C                     	;# 
   128     010D                     	;# 
   129     010E                     	;# 
   130     010F                     	;# 
   131     0185                     	;# 
   132     0187                     	;# 
   133     0188                     	;# 
   134     0189                     	;# 
   135     018C                     	;# 
   136     018D                     	;# 
   137     0000                     	;# 
   138     0001                     	;# 
   139     0002                     	;# 
   140     0003                     	;# 
   141     0004                     	;# 
   142     0005                     	;# 
   143     0006                     	;# 
   144     0007                     	;# 
   145     0008                     	;# 
   146     0009                     	;# 
   147     000A                     	;# 
   148     000B                     	;# 
   149     000C                     	;# 
   150     000D                     	;# 
   151     000E                     	;# 
   152     000E                     	;# 
   153     000F                     	;# 
   154     0010                     	;# 
   155     0011                     	;# 
   156     0012                     	;# 
   157     0013                     	;# 
   158     0014                     	;# 
   159     0015                     	;# 
   160     0015                     	;# 
   161     0016                     	;# 
   162     0017                     	;# 
   163     0018                     	;# 
   164     0019                     	;# 
   165     001A                     	;# 
   166     001B                     	;# 
   167     001B                     	;# 
   168     001C                     	;# 
   169     001D                     	;# 
   170     001E                     	;# 
   171     001F                     	;# 
   172     0081                     	;# 
   173     0085                     	;# 
   174     0086                     	;# 
   175     0087                     	;# 
   176     0088                     	;# 
   177     0089                     	;# 
   178     008C                     	;# 
   179     008D                     	;# 
   180     008E                     	;# 
   181     008F                     	;# 
   182     0090                     	;# 
   183     0091                     	;# 
   184     0092                     	;# 
   185     0093                     	;# 
   186     0093                     	;# 
   187     0093                     	;# 
   188     0094                     	;# 
   189     0095                     	;# 
   190     0096                     	;# 
   191     0097                     	;# 
   192     0098                     	;# 
   193     0099                     	;# 
   194     009A                     	;# 
   195     009B                     	;# 
   196     009C                     	;# 
   197     009D                     	;# 
   198     009E                     	;# 
   199     009F                     	;# 
   200     0105                     	;# 
   201     0107                     	;# 
   202     0108                     	;# 
   203     0109                     	;# 
   204     010C                     	;# 
   205     010C                     	;# 
   206     010D                     	;# 
   207     010E                     	;# 
   208     010F                     	;# 
   209     0185                     	;# 
   210     0187                     	;# 
   211     0188                     	;# 
   212     0189                     	;# 
   213     018C                     	;# 
   214     018D                     	;# 
   215     0000                     	;# 
   216     0001                     	;# 
   217     0002                     	;# 
   218     0003                     	;# 
   219     0004                     	;# 
   220     0005                     	;# 
   221     0006                     	;# 
   222     0007                     	;# 
   223     0008                     	;# 
   224     0009                     	;# 
   225     000A                     	;# 
   226     000B                     	;# 
   227     000C                     	;# 
   228     000D                     	;# 
   229     000E                     	;# 
   230     000E                     	;# 
   231     000F                     	;# 
   232     0010                     	;# 
   233     0011                     	;# 
   234     0012                     	;# 
   235     0013                     	;# 
   236     0014                     	;# 
   237     0015                     	;# 
   238     0015                     	;# 
   239     0016                     	;# 
   240     0017                     	;# 
   241     0018                     	;# 
   242     0019                     	;# 
   243     001A                     	;# 
   244     001B                     	;# 
   245     001B                     	;# 
   246     001C                     	;# 
   247     001D                     	;# 
   248     001E                     	;# 
   249     001F                     	;# 
   250     0081                     	;# 
   251     0085                     	;# 
   252     0086                     	;# 
   253     0087                     	;# 
   254     0088                     	;# 
   255     0089                     	;# 
   256     008C                     	;# 
   257     008D                     	;# 
   258     008E                     	;# 
   259     008F                     	;# 
   260     0090                     	;# 
   261     0091                     	;# 
   262     0092                     	;# 
   263     0093                     	;# 
   264     0093                     	;# 
   265     0093                     	;# 
   266     0094                     	;# 
   267     0095                     	;# 
   268     0096                     	;# 
   269     0097                     	;# 
   270     0098                     	;# 
   271     0099                     	;# 
   272     009A                     	;# 
   273     009B                     	;# 
   274     009C                     	;# 
   275     009D                     	;# 
   276     009E                     	;# 
   277     009F                     	;# 
   278     0105                     	;# 
   279     0107                     	;# 
   280     0108                     	;# 
   281     0109                     	;# 
   282     010C                     	;# 
   283     010C                     	;# 
   284     010D                     	;# 
   285     010E                     	;# 
   286     010F                     	;# 
   287     0185                     	;# 
   288     0187                     	;# 
   289     0188                     	;# 
   290     0189                     	;# 
   291     018C                     	;# 
   292     018D                     	;# 
   293     0000                     	;# 
   294     0001                     	;# 
   295     0002                     	;# 
   296     0003                     	;# 
   297     0004                     	;# 
   298     0005                     	;# 
   299     0006                     	;# 
   300     0007                     	;# 
   301     0008                     	;# 
   302     0009                     	;# 
   303     000A                     	;# 
   304     000B                     	;# 
   305     000C                     	;# 
   306     000D                     	;# 
   307     000E                     	;# 
   308     000E                     	;# 
   309     000F                     	;# 
   310     0010                     	;# 
   311     0011                     	;# 
   312     0012                     	;# 
   313     0013                     	;# 
   314     0014                     	;# 
   315     0015                     	;# 
   316     0015                     	;# 
   317     0016                     	;# 
   318     0017                     	;# 
   319     0018                     	;# 
   320     0019                     	;# 
   321     001A                     	;# 
   322     001B                     	;# 
   323     001B                     	;# 
   324     001C                     	;# 
   325     001D                     	;# 
   326     001E                     	;# 
   327     001F                     	;# 
   328     0081                     	;# 
   329     0085                     	;# 
   330     0086                     	;# 
   331     0087                     	;# 
   332     0088                     	;# 
   333     0089                     	;# 
   334     008C                     	;# 
   335     008D                     	;# 
   336     008E                     	;# 
   337     008F                     	;# 
   338     0090                     	;# 
   339     0091                     	;# 
   340     0092                     	;# 
   341     0093                     	;# 
   342     0093                     	;# 
   343     0093                     	;# 
   344     0094                     	;# 
   345     0095                     	;# 
   346     0096                     	;# 
   347     0097                     	;# 
   348     0098                     	;# 
   349     0099                     	;# 
   350     009A                     	;# 
   351     009B                     	;# 
   352     009C                     	;# 
   353     009D                     	;# 
   354     009E                     	;# 
   355     009F                     	;# 
   356     0105                     	;# 
   357     0107                     	;# 
   358     0108                     	;# 
   359     0109                     	;# 
   360     010C                     	;# 
   361     010C                     	;# 
   362     010D                     	;# 
   363     010E                     	;# 
   364     010F                     	;# 
   365     0185                     	;# 
   366     0187                     	;# 
   367     0188                     	;# 
   368     0189                     	;# 
   369     018C                     	;# 
   370     018D                     	;# 
   371                           
   372                           	psect	idataCOMMON
   373     019D                     __pidataCOMMON:
   374                           
   375                           ;initializer for _Puente
   376     019D  3402               	retlw	2
   377                           
   378                           	psect	nvBANK0
   379     0026                     __pnvBANK0:
   380     0026                     _sensor_Luz:
   381     0026                     	ds	2
   382     001E                     _ADRESH	set	30
   383     001F                     _ADCON0bits	set	31
   384     000B                     _INTCONbits	set	11
   385     0009                     _PORTE	set	9
   386     0008                     _PORTD	set	8
   387     0007                     _PORTC	set	7
   388     0006                     _PORTB	set	6
   389     0005                     _PORTA	set	5
   390     0005                     _PORTAbits	set	5
   391     0007                     _PORTCbits	set	7
   392     0008                     _PORTDbits	set	8
   393     0014                     _SSPCONbits	set	20
   394     000C                     _PIR1bits	set	12
   395     0013                     _SSPBUF	set	19
   396     0014                     _SSPCON	set	20
   397     0066                     _ADIF	set	102
   398     0063                     _SSPIF	set	99
   399     005E                     _PEIE	set	94
   400     005F                     _GIE	set	95
   401     008C                     _PIE1bits	set	140
   402     009F                     _ADCON1bits	set	159
   403     008F                     _OSCCONbits	set	143
   404     0089                     _TRISE	set	137
   405     0088                     _TRISD	set	136
   406     0087                     _TRISC	set	135
   407     0086                     _TRISB	set	134
   408     0085                     _TRISA	set	133
   409     0094                     _SSPSTATbits	set	148
   410     0091                     _SSPCON2bits	set	145
   411     0087                     _TRISCbits	set	135
   412     0094                     _SSPSTAT	set	148
   413     0093                     _SSPADD	set	147
   414     0091                     _SSPCON2	set	145
   415     04A0                     _BF	set	1184
   416     0463                     _SSPIE	set	1123
   417     043C                     _TRISC4	set	1084
   418     043B                     _TRISC3	set	1083
   419     0189                     _ANSELH	set	393
   420     0188                     _ANSEL	set	392
   421                           
   422                           	psect	cinit
   423     000F                     start_initialization:	
   424                           ; #config settings
   425                           
   426     000F                     __initialization:
   427                           
   428                           ; Initialize objects allocated to COMMON
   429     000F  120A  118A  219D  120A  118A  	fcall	__pidataCOMMON	;fetch initializer
   430     0014  00FA               	movwf	__pdataCOMMON& (0+127)
   431                           
   432                           ; Clear objects allocated to BANK0
   433     0015  01A0               	clrf	__pbssBANK0& (0+127)
   434     0016  01A1               	clrf	(__pbssBANK0+1)& (0+127)
   435     0017  01A2               	clrf	(__pbssBANK0+2)& (0+127)
   436                           
   437                           ; Clear objects allocated to COMMON
   438     0018  01F8               	clrf	__pbssCOMMON& (0+127)
   439     0019  01F9               	clrf	(__pbssCOMMON+1)& (0+127)
   440     001A                     end_of_initialization:	
   441                           ;End of C runtime variable initialization code
   442                           
   443     001A                     __end_of__initialization:
   444     001A  0183               	clrf	3
   445     001B  120A  118A  281E   	ljmp	_main	;jump to C main() function
   446                           
   447                           	psect	bssCOMMON
   448     0078                     __pbssCOMMON:
   449     0078                     _bandera:
   450     0078                     	ds	1
   451     0079                     _z:
   452     0079                     	ds	1
   453                           
   454                           	psect	dataCOMMON
   455     007A                     __pdataCOMMON:
   456     007A                     _Puente:
   457     007A                     	ds	1
   458                           
   459                           	psect	bssBANK0
   460     0020                     __pbssBANK0:
   461     0020                     _sensor_Infra:
   462     0020                     	ds	2
   463     0022                     _dato:
   464     0022                     	ds	1
   465                           
   466                           	psect	cstackCOMMON
   467     0070                     __pcstackCOMMON:
   468     0070                     ?_setup:
   469     0070                     ?_I2C_Slave_Init:	
   470                           ; 1 bytes @ 0x0
   471                           
   472     0070                     ?_isr:	
   473                           ; 1 bytes @ 0x0
   474                           
   475     0070                     ??_isr:	
   476                           ; 1 bytes @ 0x0
   477                           
   478     0070                     ?_main:	
   479                           ; 1 bytes @ 0x0
   480                           
   481                           
   482                           ; 1 bytes @ 0x0
   483     0070                     	ds	3
   484     0073                     ?_adc_change_channel:
   485     0073                     ??_I2C_Slave_Init:	
   486                           ; 1 bytes @ 0x3
   487                           
   488     0073                     ?_adc_read:	
   489                           ; 1 bytes @ 0x3
   490                           
   491     0073                     I2C_Slave_Init@address:	
   492                           ; 2 bytes @ 0x3
   493                           
   494     0073                     adc_change_channel@channel:	
   495                           ; 1 bytes @ 0x3
   496                           
   497                           
   498                           ; 2 bytes @ 0x3
   499     0073                     	ds	1
   500     0074                     ??_setup:
   501                           
   502                           ; 1 bytes @ 0x4
   503     0074                     	ds	1
   504     0075                     ??_adc_read:
   505     0075                     ??_adc_change_channel:	
   506                           ; 1 bytes @ 0x5
   507                           
   508                           
   509                           ; 1 bytes @ 0x5
   510     0075                     	ds	1
   511     0076                     ?_adc_init:
   512     0076                     adc_init@channel:	
   513                           ; 1 bytes @ 0x6
   514                           
   515                           
   516                           ; 2 bytes @ 0x6
   517     0076                     	ds	2
   518     0078                     ??_adc_init:
   519                           
   520                           	psect	cstackBANK0
   521     0023                     __pcstackBANK0:	
   522                           ; 1 bytes @ 0x8
   523                           
   524     0023                     ??_main:
   525                           
   526                           ; 1 bytes @ 0x0
   527     0023                     	ds	3
   528                           
   529                           	psect	maintext
   530     001E                     __pmaintext:	
   531 ;;
   532 ;;Main: autosize = 0, tempsize = 3, incstack = 0, save=0
   533 ;;
   534 ;; *************** function _main *****************
   535 ;; Defined at:
   536 ;;		line 98 in file "Proyecto1D2_Slave2.c"
   537 ;; Parameters:    Size  Location     Type
   538 ;;		None
   539 ;; Auto vars:     Size  Location     Type
   540 ;;		None
   541 ;; Return value:  Size  Location     Type
   542 ;;                  1    wreg      void 
   543 ;; Registers used:
   544 ;;		wreg, status,2, status,0, btemp+1, pclath, cstack
   545 ;; Tracked objects:
   546 ;;		On entry : B00/0
   547 ;;		On exit  : 0/0
   548 ;;		Unchanged: 0/0
   549 ;; Data sizes:     COMMON   BANK0   BANK1   BANK3   BANK2
   550 ;;      Params:         0       0       0       0       0
   551 ;;      Locals:         0       0       0       0       0
   552 ;;      Temps:          0       3       0       0       0
   553 ;;      Totals:         0       3       0       0       0
   554 ;;Total ram usage:        3 bytes
   555 ;; Hardware stack levels required when called: 3
   556 ;; This function calls:
   557 ;;		_adc_init
   558 ;;		_adc_read
   559 ;;		_setup
   560 ;; This function is called by:
   561 ;;		Startup code after reset
   562 ;; This function uses a non-reentrant model
   563 ;;
   564                           
   565     001E                     _main:	
   566                           ;psect for function _main
   567                           
   568     001E                     l1112:	
   569                           ;incstack = 0
   570                           ; Regs used in _main: [wreg+status,2+status,0+btemp+1+pclath+cstack]
   571                           
   572                           
   573                           ;Proyecto1D2_Slave2.c: 99:     setup();
   574     001E  120A  118A  212F  120A  118A  	fcall	_setup
   575                           
   576                           ;Proyecto1D2_Slave2.c: 100:     adc_init(0);
   577     0023  3000               	movlw	0
   578     0024  00F6               	movwf	adc_init@channel
   579     0025  00F7               	movwf	adc_init@channel+1
   580     0026  120A  118A  216B  120A  118A  	fcall	_adc_init
   581     002B                     l1114:
   582                           
   583                           ;Proyecto1D2_Slave2.c: 105:         sensor_Luz = adc_read();
   584     002B  120A  118A  2182  120A  118A  	fcall	_adc_read
   585     0030  0874               	movf	?_adc_read+1,w
   586     0031  1283               	bcf	3,5	;RP0=0, select bank0
   587     0032  1303               	bcf	3,6	;RP1=0, select bank0
   588     0033  00A7               	movwf	_sensor_Luz+1
   589     0034  0873               	movf	?_adc_read,w
   590     0035  00A6               	movwf	_sensor_Luz
   591     0036                     l1116:
   592                           
   593                           ;Proyecto1D2_Slave2.c: 106:         if (sensor_Luz <= 50){
   594     0036  0827               	movf	_sensor_Luz+1,w
   595     0037  3A80               	xorlw	128
   596     0038  00FF               	movwf	btemp+1
   597     0039  3080               	movlw	128
   598     003A  027F               	subwf	btemp+1,w
   599     003B  1D03               	skipz
   600     003C  283F               	goto	u475
   601     003D  3033               	movlw	51
   602     003E  0226               	subwf	_sensor_Luz,w
   603     003F                     u475:
   604     003F  1803               	skipnc
   605     0040  2842               	goto	u471
   606     0041  2843               	goto	u470
   607     0042                     u471:
   608     0042  2849               	goto	l158
   609     0043                     u470:
   610     0043                     l1118:
   611                           
   612                           ;Proyecto1D2_Slave2.c: 107:             PORTDbits.RD0 = 1;
   613     0043  1283               	bcf	3,5	;RP0=0, select bank0
   614     0044  1303               	bcf	3,6	;RP1=0, select bank0
   615     0045  1408               	bsf	8,0	;volatile
   616                           
   617                           ;Proyecto1D2_Slave2.c: 108:             PORTDbits.RD1 = 1;
   618     0046  1488               	bsf	8,1	;volatile
   619                           
   620                           ;Proyecto1D2_Slave2.c: 109:             PORTCbits.RC2 = 1;
   621     0047  1507               	bsf	7,2	;volatile
   622                           
   623                           ;Proyecto1D2_Slave2.c: 110:         }else{
   624     0048  284E               	goto	l1120
   625     0049                     l158:
   626                           
   627                           ;Proyecto1D2_Slave2.c: 111:             PORTDbits.RD0 = 0;
   628     0049  1283               	bcf	3,5	;RP0=0, select bank0
   629     004A  1303               	bcf	3,6	;RP1=0, select bank0
   630     004B  1008               	bcf	8,0	;volatile
   631                           
   632                           ;Proyecto1D2_Slave2.c: 112:             PORTDbits.RD1 = 0;
   633     004C  1088               	bcf	8,1	;volatile
   634                           
   635                           ;Proyecto1D2_Slave2.c: 113:             PORTCbits.RC2 = 0;
   636     004D  1107               	bcf	7,2	;volatile
   637     004E                     l1120:
   638                           
   639                           ;Proyecto1D2_Slave2.c: 115:         if (Puente == 0){
   640     004E  087A               	movf	_Puente,w
   641     004F  1D03               	btfss	3,2
   642     0050  2852               	goto	u481
   643     0051  2853               	goto	u480
   644     0052                     u481:
   645     0052  286A               	goto	l1128
   646     0053                     u480:
   647     0053                     l1122:
   648                           
   649                           ;Proyecto1D2_Slave2.c: 116:             PORTAbits.RA2 = 1;
   650     0053  1505               	bsf	5,2	;volatile
   651                           
   652                           ;Proyecto1D2_Slave2.c: 117:             PORTAbits.RA3 = 0;
   653     0054  1185               	bcf	5,3	;volatile
   654     0055                     l1124:
   655                           
   656                           ;Proyecto1D2_Slave2.c: 118:             _delay((unsigned long)((4250)*(8000000/4000.0)))
      +                          ;
   657     0055  302C               	movlw	44
   658     0056  1283               	bcf	3,5	;RP0=0, select bank0
   659     0057  1303               	bcf	3,6	;RP1=0, select bank0
   660     0058  00A5               	movwf	??_main+2
   661     0059  301F               	movlw	31
   662     005A  00A4               	movwf	??_main+1
   663     005B  30D6               	movlw	214
   664     005C  00A3               	movwf	??_main
   665     005D                     u527:
   666     005D  0BA3               	decfsz	??_main,f
   667     005E  285D               	goto	u527
   668     005F  0BA4               	decfsz	??_main+1,f
   669     0060  285D               	goto	u527
   670     0061  0BA5               	decfsz	??_main+2,f
   671     0062  285D               	goto	u527
   672     0063  0000               	nop
   673     0064                     l1126:
   674                           
   675                           ;Proyecto1D2_Slave2.c: 119:             PORTAbits.RA2= 0;
   676     0064  1283               	bcf	3,5	;RP0=0, select bank0
   677     0065  1303               	bcf	3,6	;RP1=0, select bank0
   678     0066  1105               	bcf	5,2	;volatile
   679                           
   680                           ;Proyecto1D2_Slave2.c: 120:             Puente =2;
   681     0067  3002               	movlw	2
   682     0068  00FA               	movwf	_Puente
   683                           
   684                           ;Proyecto1D2_Slave2.c: 121:         }else if (Puente == 1){
   685     0069  2885               	goto	l1136
   686     006A                     l1128:
   687     006A  037A               	decf	_Puente,w
   688     006B  1D03               	btfss	3,2
   689     006C  286E               	goto	u491
   690     006D  286F               	goto	u490
   691     006E                     u491:
   692     006E  2885               	goto	l1136
   693     006F                     u490:
   694     006F                     l1130:
   695                           
   696                           ;Proyecto1D2_Slave2.c: 122:             PORTAbits.RA3 = 1;
   697     006F  1585               	bsf	5,3	;volatile
   698                           
   699                           ;Proyecto1D2_Slave2.c: 123:             PORTAbits.RA2 = 0;
   700     0070  1105               	bcf	5,2	;volatile
   701     0071                     l1132:
   702                           
   703                           ;Proyecto1D2_Slave2.c: 124:             _delay((unsigned long)((4250)*(8000000/4000.0)))
      +                          ;
   704     0071  302C               	movlw	44
   705     0072  1283               	bcf	3,5	;RP0=0, select bank0
   706     0073  1303               	bcf	3,6	;RP1=0, select bank0
   707     0074  00A5               	movwf	??_main+2
   708     0075  301F               	movlw	31
   709     0076  00A4               	movwf	??_main+1
   710     0077  30D6               	movlw	214
   711     0078  00A3               	movwf	??_main
   712     0079                     u537:
   713     0079  0BA3               	decfsz	??_main,f
   714     007A  2879               	goto	u537
   715     007B  0BA4               	decfsz	??_main+1,f
   716     007C  2879               	goto	u537
   717     007D  0BA5               	decfsz	??_main+2,f
   718     007E  2879               	goto	u537
   719     007F  0000               	nop
   720     0080                     l1134:
   721                           
   722                           ;Proyecto1D2_Slave2.c: 125:             PORTAbits.RA3 = 0;
   723     0080  1283               	bcf	3,5	;RP0=0, select bank0
   724     0081  1303               	bcf	3,6	;RP1=0, select bank0
   725     0082  1185               	bcf	5,3	;volatile
   726                           
   727                           ;Proyecto1D2_Slave2.c: 126:             Puente = 2;
   728     0083  3002               	movlw	2
   729     0084  00FA               	movwf	_Puente
   730     0085                     l1136:
   731                           
   732                           ;Proyecto1D2_Slave2.c: 130:         if (PORTAbits.RA1 == 0){
   733     0085  1885               	btfsc	5,1	;volatile
   734     0086  2888               	goto	u501
   735     0087  2889               	goto	u500
   736     0088                     u501:
   737     0088  282B               	goto	l1114
   738     0089                     u500:
   739     0089                     l1138:
   740                           
   741                           ;Proyecto1D2_Slave2.c: 131:             _delay((unsigned long)((2000)*(8000000/4000.0)))
      +                          ;
   742     0089  3015               	movlw	21
   743     008A  1283               	bcf	3,5	;RP0=0, select bank0
   744     008B  1303               	bcf	3,6	;RP1=0, select bank0
   745     008C  00A5               	movwf	??_main+2
   746     008D  304B               	movlw	75
   747     008E  00A4               	movwf	??_main+1
   748     008F  30BD               	movlw	189
   749     0090  00A3               	movwf	??_main
   750     0091                     u547:
   751     0091  0BA3               	decfsz	??_main,f
   752     0092  2891               	goto	u547
   753     0093  0BA4               	decfsz	??_main+1,f
   754     0094  2891               	goto	u547
   755     0095  0BA5               	decfsz	??_main+2,f
   756     0096  2891               	goto	u547
   757     0097  2898               	nop2
   758     0098                     l1140:
   759                           
   760                           ;Proyecto1D2_Slave2.c: 132:             if (PORTAbits.RA1 == 0){
   761     0098  1283               	bcf	3,5	;RP0=0, select bank0
   762     0099  1303               	bcf	3,6	;RP1=0, select bank0
   763     009A  1885               	btfsc	5,1	;volatile
   764     009B  289D               	goto	u511
   765     009C  289E               	goto	u510
   766     009D                     u511:
   767     009D  28A3               	goto	l1144
   768     009E                     u510:
   769     009E                     l1142:
   770                           
   771                           ;Proyecto1D2_Slave2.c: 133:                 sensor_Infra = 1;
   772     009E  3001               	movlw	1
   773     009F  00A0               	movwf	_sensor_Infra
   774     00A0  3000               	movlw	0
   775     00A1  00A1               	movwf	_sensor_Infra+1
   776                           
   777                           ;Proyecto1D2_Slave2.c: 134:             }else{
   778     00A2  282B               	goto	l1114
   779     00A3                     l1144:
   780                           
   781                           ;Proyecto1D2_Slave2.c: 135:                 sensor_Infra = 0;
   782     00A3  01A0               	clrf	_sensor_Infra
   783     00A4  01A1               	clrf	_sensor_Infra+1
   784     00A5  282B               	goto	l1114
   785     00A6  120A  118A  280C   	ljmp	start
   786     00A9                     __end_of_main:
   787                           
   788                           	psect	text1
   789     012F                     __ptext1:	
   790 ;; *************** function _setup *****************
   791 ;; Defined at:
   792 ;;		line 146 in file "Proyecto1D2_Slave2.c"
   793 ;; Parameters:    Size  Location     Type
   794 ;;		None
   795 ;; Auto vars:     Size  Location     Type
   796 ;;		None
   797 ;; Return value:  Size  Location     Type
   798 ;;                  1    wreg      void 
   799 ;; Registers used:
   800 ;;		wreg, status,2, status,0, pclath, cstack
   801 ;; Tracked objects:
   802 ;;		On entry : 0/0
   803 ;;		On exit  : 0/0
   804 ;;		Unchanged: 0/0
   805 ;; Data sizes:     COMMON   BANK0   BANK1   BANK3   BANK2
   806 ;;      Params:         0       0       0       0       0
   807 ;;      Locals:         0       0       0       0       0
   808 ;;      Temps:          0       0       0       0       0
   809 ;;      Totals:         0       0       0       0       0
   810 ;;Total ram usage:        0 bytes
   811 ;; Hardware stack levels used: 1
   812 ;; Hardware stack levels required when called: 2
   813 ;; This function calls:
   814 ;;		_I2C_Slave_Init
   815 ;; This function is called by:
   816 ;;		_main
   817 ;; This function uses a non-reentrant model
   818 ;;
   819                           
   820     012F                     _setup:	
   821                           ;psect for function _setup
   822                           
   823     012F                     l990:	
   824                           ;incstack = 0
   825                           ; Regs used in _setup: [wreg+status,2+status,0+pclath+cstack]
   826                           
   827                           
   828                           ;Proyecto1D2_Slave2.c: 147:     ANSEL = 0b00001;
   829     012F  3001               	movlw	1
   830     0130  1683               	bsf	3,5	;RP0=1, select bank3
   831     0131  1703               	bsf	3,6	;RP1=1, select bank3
   832     0132  0088               	movwf	8	;volatile
   833     0133                     l992:
   834                           
   835                           ;Proyecto1D2_Slave2.c: 148:     ANSELH = 0;
   836     0133  0189               	clrf	9	;volatile
   837     0134                     l994:
   838                           
   839                           ;Proyecto1D2_Slave2.c: 150:     TRISA = 0b00011;
   840     0134  3003               	movlw	3
   841     0135  1683               	bsf	3,5	;RP0=1, select bank1
   842     0136  1303               	bcf	3,6	;RP1=0, select bank1
   843     0137  0085               	movwf	5	;volatile
   844                           
   845                           ;Proyecto1D2_Slave2.c: 151:     TRISB = 0;
   846     0138  0186               	clrf	6	;volatile
   847                           
   848                           ;Proyecto1D2_Slave2.c: 152:     TRISC = 0;
   849     0139  0187               	clrf	7	;volatile
   850                           
   851                           ;Proyecto1D2_Slave2.c: 153:     TRISD = 0;
   852     013A  0188               	clrf	8	;volatile
   853                           
   854                           ;Proyecto1D2_Slave2.c: 154:     TRISE = 0;
   855     013B  0189               	clrf	9	;volatile
   856                           
   857                           ;Proyecto1D2_Slave2.c: 156:     PORTA = 0;
   858     013C  1283               	bcf	3,5	;RP0=0, select bank0
   859     013D  1303               	bcf	3,6	;RP1=0, select bank0
   860     013E  0185               	clrf	5	;volatile
   861                           
   862                           ;Proyecto1D2_Slave2.c: 157:     PORTB = 0;
   863     013F  0186               	clrf	6	;volatile
   864                           
   865                           ;Proyecto1D2_Slave2.c: 158:     PORTC = 0;
   866     0140  0187               	clrf	7	;volatile
   867                           
   868                           ;Proyecto1D2_Slave2.c: 159:     PORTD = 0;
   869     0141  0188               	clrf	8	;volatile
   870                           
   871                           ;Proyecto1D2_Slave2.c: 160:     PORTE = 0;
   872     0142  0189               	clrf	9	;volatile
   873     0143                     l996:
   874                           
   875                           ;Proyecto1D2_Slave2.c: 164:     I2C_Slave_Init(0x52);
   876     0143  3052               	movlw	82
   877     0144  120A  118A  2151  120A  118A  	fcall	_I2C_Slave_Init
   878     0149                     l998:
   879                           
   880                           ;Proyecto1D2_Slave2.c: 166:     OSCCONbits.IRCF = 0B111;
   881     0149  3070               	movlw	112
   882     014A  1683               	bsf	3,5	;RP0=1, select bank1
   883     014B  1303               	bcf	3,6	;RP1=0, select bank1
   884     014C  048F               	iorwf	15,f	;volatile
   885     014D                     l1000:
   886                           
   887                           ;Proyecto1D2_Slave2.c: 167:     OSCCONbits.SCS = 1;
   888     014D  140F               	bsf	15,0	;volatile
   889     014E                     l1002:
   890                           
   891                           ;Proyecto1D2_Slave2.c: 169:     INTCONbits.GIE = 1;
   892     014E  178B               	bsf	11,7	;volatile
   893     014F                     l1004:
   894                           
   895                           ;Proyecto1D2_Slave2.c: 170:     INTCONbits.PEIE = 1;
   896     014F  170B               	bsf	11,6	;volatile
   897     0150                     l171:
   898     0150  0008               	return
   899     0151                     __end_of_setup:
   900                           
   901                           	psect	text2
   902     0151                     __ptext2:	
   903 ;; *************** function _I2C_Slave_Init *****************
   904 ;; Defined at:
   905 ;;		line 82 in file "I2C.c"
   906 ;; Parameters:    Size  Location     Type
   907 ;;  address         1    wreg     unsigned char 
   908 ;; Auto vars:     Size  Location     Type
   909 ;;  address         1    3[COMMON] unsigned char 
   910 ;; Return value:  Size  Location     Type
   911 ;;                  1    wreg      void 
   912 ;; Registers used:
   913 ;;		wreg
   914 ;; Tracked objects:
   915 ;;		On entry : 0/0
   916 ;;		On exit  : 0/0
   917 ;;		Unchanged: 0/0
   918 ;; Data sizes:     COMMON   BANK0   BANK1   BANK3   BANK2
   919 ;;      Params:         0       0       0       0       0
   920 ;;      Locals:         1       0       0       0       0
   921 ;;      Temps:          0       0       0       0       0
   922 ;;      Totals:         1       0       0       0       0
   923 ;;Total ram usage:        1 bytes
   924 ;; Hardware stack levels used: 1
   925 ;; Hardware stack levels required when called: 1
   926 ;; This function calls:
   927 ;;		Nothing
   928 ;; This function is called by:
   929 ;;		_setup
   930 ;; This function uses a non-reentrant model
   931 ;;
   932                           
   933     0151                     _I2C_Slave_Init:	
   934                           ;psect for function _I2C_Slave_Init
   935                           
   936                           
   937                           ;incstack = 0
   938                           ; Regs used in _I2C_Slave_Init: [wreg]
   939                           ;I2C_Slave_Init@address stored from wreg
   940     0151  00F3               	movwf	I2C_Slave_Init@address
   941     0152                     l974:
   942                           
   943                           ;I2C.c: 82: void I2C_Slave_Init(uint8_t address);I2C.c: 83: {;I2C.c: 84:     SSPADD = ad
      +                          dress;
   944     0152  0873               	movf	I2C_Slave_Init@address,w
   945     0153  1683               	bsf	3,5	;RP0=1, select bank1
   946     0154  1303               	bcf	3,6	;RP1=0, select bank1
   947     0155  0093               	movwf	19	;volatile
   948                           
   949                           ;I2C.c: 85:     SSPCON = 0x36;
   950     0156  3036               	movlw	54
   951     0157  1283               	bcf	3,5	;RP0=0, select bank0
   952     0158  1303               	bcf	3,6	;RP1=0, select bank0
   953     0159  0094               	movwf	20	;volatile
   954                           
   955                           ;I2C.c: 86:     SSPSTAT = 0x80;
   956     015A  3080               	movlw	128
   957     015B  1683               	bsf	3,5	;RP0=1, select bank1
   958     015C  1303               	bcf	3,6	;RP1=0, select bank1
   959     015D  0094               	movwf	20	;volatile
   960                           
   961                           ;I2C.c: 87:     SSPCON2 = 0x01;
   962     015E  3001               	movlw	1
   963     015F  0091               	movwf	17	;volatile
   964     0160                     l976:
   965                           
   966                           ;I2C.c: 88:     TRISC3 = 1;
   967     0160  1587               	bsf	7,3	;volatile
   968     0161                     l978:
   969                           
   970                           ;I2C.c: 89:     TRISC4 = 1;
   971     0161  1607               	bsf	7,4	;volatile
   972     0162                     l980:
   973                           
   974                           ;I2C.c: 90:     GIE = 1;
   975     0162  178B               	bsf	11,7	;volatile
   976     0163                     l982:
   977                           
   978                           ;I2C.c: 91:     PEIE = 1;
   979     0163  170B               	bsf	11,6	;volatile
   980     0164                     l984:
   981                           
   982                           ;I2C.c: 92:     SSPIF = 0;
   983     0164  1283               	bcf	3,5	;RP0=0, select bank0
   984     0165  1303               	bcf	3,6	;RP1=0, select bank0
   985     0166  118C               	bcf	12,3	;volatile
   986     0167                     l986:
   987                           
   988                           ;I2C.c: 93:     SSPIE = 1;
   989     0167  1683               	bsf	3,5	;RP0=1, select bank1
   990     0168  1303               	bcf	3,6	;RP1=0, select bank1
   991     0169  158C               	bsf	12,3	;volatile
   992     016A                     l55:
   993     016A  0008               	return
   994     016B                     __end_of_I2C_Slave_Init:
   995                           
   996                           	psect	text3
   997     0182                     __ptext3:	
   998 ;; *************** function _adc_read *****************
   999 ;; Defined at:
  1000 ;;		line 17 in file "config_ADC.c"
  1001 ;; Parameters:    Size  Location     Type
  1002 ;;		None
  1003 ;; Auto vars:     Size  Location     Type
  1004 ;;		None
  1005 ;; Return value:  Size  Location     Type
  1006 ;;                  2    3[COMMON] int 
  1007 ;; Registers used:
  1008 ;;		wreg
  1009 ;; Tracked objects:
  1010 ;;		On entry : 0/0
  1011 ;;		On exit  : 0/0
  1012 ;;		Unchanged: 0/0
  1013 ;; Data sizes:     COMMON   BANK0   BANK1   BANK3   BANK2
  1014 ;;      Params:         2       0       0       0       0
  1015 ;;      Locals:         0       0       0       0       0
  1016 ;;      Temps:          2       0       0       0       0
  1017 ;;      Totals:         4       0       0       0       0
  1018 ;;Total ram usage:        4 bytes
  1019 ;; Hardware stack levels used: 1
  1020 ;; Hardware stack levels required when called: 1
  1021 ;; This function calls:
  1022 ;;		Nothing
  1023 ;; This function is called by:
  1024 ;;		_main
  1025 ;; This function uses a non-reentrant model
  1026 ;;
  1027                           
  1028     0182                     _adc_read:	
  1029                           ;psect for function _adc_read
  1030                           
  1031     0182                     l1020:	
  1032                           ;incstack = 0
  1033                           ; Regs used in _adc_read: [wreg]
  1034                           
  1035                           
  1036                           ;config_ADC.c: 18:     ADCON0bits.GO = 1;
  1037     0182  1283               	bcf	3,5	;RP0=0, select bank0
  1038     0183  1303               	bcf	3,6	;RP1=0, select bank0
  1039     0184  149F               	bsf	31,1	;volatile
  1040     0185                     l187:	
  1041                           ;config_ADC.c: 20:     while (ADCON0bits.GO);
  1042                           
  1043     0185  189F               	btfsc	31,1	;volatile
  1044     0186  2988               	goto	u261
  1045     0187  2989               	goto	u260
  1046     0188                     u261:
  1047     0188  2985               	goto	l187
  1048     0189                     u260:
  1049     0189                     l1022:
  1050                           
  1051                           ;config_ADC.c: 24:     return ADRESH;
  1052     0189  081E               	movf	30,w	;volatile
  1053     018A  00F5               	movwf	??_adc_read
  1054     018B  01F6               	clrf	??_adc_read+1
  1055     018C  0875               	movf	??_adc_read,w
  1056     018D  00F3               	movwf	?_adc_read
  1057     018E  0876               	movf	??_adc_read+1,w
  1058     018F  00F4               	movwf	?_adc_read+1
  1059     0190                     l190:
  1060     0190  0008               	return
  1061     0191                     __end_of_adc_read:
  1062                           
  1063                           	psect	text4
  1064     016B                     __ptext4:	
  1065 ;; *************** function _adc_init *****************
  1066 ;; Defined at:
  1067 ;;		line 3 in file "config_ADC.c"
  1068 ;; Parameters:    Size  Location     Type
  1069 ;;  channel         2    6[COMMON] int 
  1070 ;; Auto vars:     Size  Location     Type
  1071 ;;		None
  1072 ;; Return value:  Size  Location     Type
  1073 ;;                  1    wreg      void 
  1074 ;; Registers used:
  1075 ;;		wreg, status,2, status,0, pclath, cstack
  1076 ;; Tracked objects:
  1077 ;;		On entry : 0/0
  1078 ;;		On exit  : 0/0
  1079 ;;		Unchanged: 0/0
  1080 ;; Data sizes:     COMMON   BANK0   BANK1   BANK3   BANK2
  1081 ;;      Params:         2       0       0       0       0
  1082 ;;      Locals:         0       0       0       0       0
  1083 ;;      Temps:          0       0       0       0       0
  1084 ;;      Totals:         2       0       0       0       0
  1085 ;;Total ram usage:        2 bytes
  1086 ;; Hardware stack levels used: 1
  1087 ;; Hardware stack levels required when called: 2
  1088 ;; This function calls:
  1089 ;;		_adc_change_channel
  1090 ;; This function is called by:
  1091 ;;		_main
  1092 ;; This function uses a non-reentrant model
  1093 ;;
  1094                           
  1095     016B                     _adc_init:	
  1096                           ;psect for function _adc_init
  1097                           
  1098     016B                     l1006:	
  1099                           ;incstack = 0
  1100                           ; Regs used in _adc_init: [wreg+status,2+status,0+pclath+cstack]
  1101                           
  1102                           
  1103                           ;config_ADC.c: 5:     adc_change_channel(channel);
  1104     016B  0877               	movf	adc_init@channel+1,w
  1105     016C  00F4               	movwf	adc_change_channel@channel+1
  1106     016D  0876               	movf	adc_init@channel,w
  1107     016E  00F3               	movwf	adc_change_channel@channel
  1108     016F  120A  118A  2191  120A  118A  	fcall	_adc_change_channel
  1109     0174                     l1008:
  1110                           
  1111                           ;config_ADC.c: 8:     ADCON1bits.ADFM = 0;
  1112     0174  1683               	bsf	3,5	;RP0=1, select bank1
  1113     0175  1303               	bcf	3,6	;RP1=0, select bank1
  1114     0176  139F               	bcf	31,7	;volatile
  1115     0177                     l1010:
  1116                           
  1117                           ;config_ADC.c: 9:     ADCON1bits.VCFG0 = 0;
  1118     0177  121F               	bcf	31,4	;volatile
  1119     0178                     l1012:
  1120                           
  1121                           ;config_ADC.c: 10:     ADCON1bits.VCFG1 = 0;
  1122     0178  129F               	bcf	31,5	;volatile
  1123     0179                     l1014:
  1124                           
  1125                           ;config_ADC.c: 11:     PIE1bits.ADIE = 1;
  1126     0179  170C               	bsf	12,6	;volatile
  1127     017A                     l1016:
  1128                           
  1129                           ;config_ADC.c: 14:     ADCON0bits.ADCS = 0b10;
  1130     017A  1283               	bcf	3,5	;RP0=0, select bank0
  1131     017B  1303               	bcf	3,6	;RP1=0, select bank0
  1132     017C  081F               	movf	31,w	;volatile
  1133     017D  393F               	andlw	-193
  1134     017E  3880               	iorlw	128
  1135     017F  009F               	movwf	31	;volatile
  1136     0180                     l1018:
  1137                           
  1138                           ;config_ADC.c: 15:     ADCON0bits.ADON = 1;
  1139     0180  141F               	bsf	31,0	;volatile
  1140     0181                     l184:
  1141     0181  0008               	return
  1142     0182                     __end_of_adc_init:
  1143                           
  1144                           	psect	text5
  1145     0191                     __ptext5:	
  1146 ;; *************** function _adc_change_channel *****************
  1147 ;; Defined at:
  1148 ;;		line 26 in file "config_ADC.c"
  1149 ;; Parameters:    Size  Location     Type
  1150 ;;  channel         2    3[COMMON] int 
  1151 ;; Auto vars:     Size  Location     Type
  1152 ;;		None
  1153 ;; Return value:  Size  Location     Type
  1154 ;;                  1    wreg      void 
  1155 ;; Registers used:
  1156 ;;		wreg, status,2, status,0
  1157 ;; Tracked objects:
  1158 ;;		On entry : 0/0
  1159 ;;		On exit  : 0/0
  1160 ;;		Unchanged: 0/0
  1161 ;; Data sizes:     COMMON   BANK0   BANK1   BANK3   BANK2
  1162 ;;      Params:         2       0       0       0       0
  1163 ;;      Locals:         0       0       0       0       0
  1164 ;;      Temps:          1       0       0       0       0
  1165 ;;      Totals:         3       0       0       0       0
  1166 ;;Total ram usage:        3 bytes
  1167 ;; Hardware stack levels used: 1
  1168 ;; Hardware stack levels required when called: 1
  1169 ;; This function calls:
  1170 ;;		Nothing
  1171 ;; This function is called by:
  1172 ;;		_adc_init
  1173 ;; This function uses a non-reentrant model
  1174 ;;
  1175                           
  1176     0191                     _adc_change_channel:	
  1177                           ;psect for function _adc_change_channel
  1178                           
  1179     0191                     l988:	
  1180                           ;incstack = 0
  1181                           ; Regs used in _adc_change_channel: [wreg+status,2+status,0]
  1182                           
  1183                           
  1184                           ;config_ADC.c: 27:     ADCON0bits.CHS = channel;
  1185     0191  0873               	movf	adc_change_channel@channel,w
  1186     0192  00F5               	movwf	??_adc_change_channel
  1187     0193  0DF5               	rlf	??_adc_change_channel,f
  1188     0194  0DF5               	rlf	??_adc_change_channel,f
  1189     0195  1283               	bcf	3,5	;RP0=0, select bank0
  1190     0196  1303               	bcf	3,6	;RP1=0, select bank0
  1191     0197  081F               	movf	31,w	;volatile
  1192     0198  0675               	xorwf	??_adc_change_channel,w
  1193     0199  39C3               	andlw	-61
  1194     019A  0675               	xorwf	??_adc_change_channel,w
  1195     019B  009F               	movwf	31	;volatile
  1196     019C                     l193:
  1197     019C  0008               	return
  1198     019D                     __end_of_adc_change_channel:
  1199                           
  1200                           	psect	text6
  1201     00A9                     __ptext6:	
  1202 ;; *************** function _isr *****************
  1203 ;; Defined at:
  1204 ;;		line 49 in file "Proyecto1D2_Slave2.c"
  1205 ;; Parameters:    Size  Location     Type
  1206 ;;		None
  1207 ;; Auto vars:     Size  Location     Type
  1208 ;;		None
  1209 ;; Return value:  Size  Location     Type
  1210 ;;                  1    wreg      void 
  1211 ;; Registers used:
  1212 ;;		wreg, status,2, status,0
  1213 ;; Tracked objects:
  1214 ;;		On entry : 0/0
  1215 ;;		On exit  : 0/0
  1216 ;;		Unchanged: 0/0
  1217 ;; Data sizes:     COMMON   BANK0   BANK1   BANK3   BANK2
  1218 ;;      Params:         0       0       0       0       0
  1219 ;;      Locals:         0       0       0       0       0
  1220 ;;      Temps:          3       0       0       0       0
  1221 ;;      Totals:         3       0       0       0       0
  1222 ;;Total ram usage:        3 bytes
  1223 ;; Hardware stack levels used: 1
  1224 ;; This function calls:
  1225 ;;		Nothing
  1226 ;; This function is called by:
  1227 ;;		Interrupt level 1
  1228 ;; This function uses a non-reentrant model
  1229 ;;
  1230                           
  1231     00A9                     _isr:	
  1232                           ;psect for function _isr
  1233                           
  1234     00A9                     i1l1026:
  1235                           
  1236                           ;Proyecto1D2_Slave2.c: 50:    if(PIR1bits.SSPIF == 1){
  1237     00A9  1283               	bcf	3,5	;RP0=0, select bank0
  1238     00AA  1303               	bcf	3,6	;RP1=0, select bank0
  1239     00AB  1D8C               	btfss	12,3	;volatile
  1240     00AC  28AE               	goto	u27_21
  1241     00AD  28AF               	goto	u27_20
  1242     00AE                     u27_21:
  1243     00AE  291F               	goto	i1l128
  1244     00AF                     u27_20:
  1245     00AF                     i1l1028:
  1246                           
  1247                           ;Proyecto1D2_Slave2.c: 52:         SSPCONbits.CKP = 0;
  1248     00AF  1214               	bcf	20,4	;volatile
  1249                           
  1250                           ;Proyecto1D2_Slave2.c: 54:         if ((SSPCONbits.SSPOV) || (SSPCONbits.WCOL)){
  1251     00B0  1B14               	btfsc	20,6	;volatile
  1252     00B1  28B3               	goto	u28_21
  1253     00B2  28B4               	goto	u28_20
  1254     00B3                     u28_21:
  1255     00B3  28B8               	goto	i1l1032
  1256     00B4                     u28_20:
  1257     00B4                     i1l1030:
  1258     00B4  1F94               	btfss	20,7	;volatile
  1259     00B5  28B7               	goto	u29_21
  1260     00B6  28B8               	goto	u29_20
  1261     00B7                     u29_21:
  1262     00B7  28BD               	goto	i1l1040
  1263     00B8                     u29_20:
  1264     00B8                     i1l1032:
  1265                           
  1266                           ;Proyecto1D2_Slave2.c: 55:             z = SSPBUF;
  1267     00B8  0813               	movf	19,w	;volatile
  1268     00B9  00F9               	movwf	_z
  1269     00BA                     i1l1034:
  1270                           
  1271                           ;Proyecto1D2_Slave2.c: 56:             SSPCONbits.SSPOV = 0;
  1272     00BA  1314               	bcf	20,6	;volatile
  1273     00BB                     i1l1036:
  1274                           
  1275                           ;Proyecto1D2_Slave2.c: 57:             SSPCONbits.WCOL = 0;
  1276     00BB  1394               	bcf	20,7	;volatile
  1277     00BC                     i1l1038:
  1278                           
  1279                           ;Proyecto1D2_Slave2.c: 58:             SSPCONbits.CKP = 1;
  1280     00BC  1614               	bsf	20,4	;volatile
  1281     00BD                     i1l1040:
  1282                           
  1283                           ;Proyecto1D2_Slave2.c: 61:         if(!SSPSTATbits.D_nA && !SSPSTATbits.R_nW) {
  1284     00BD  1683               	bsf	3,5	;RP0=1, select bank1
  1285     00BE  1303               	bcf	3,6	;RP1=0, select bank1
  1286     00BF  1A94               	btfsc	20,5	;volatile
  1287     00C0  28C2               	goto	u30_21
  1288     00C1  28C3               	goto	u30_20
  1289     00C2                     u30_21:
  1290     00C2  28DC               	goto	i1l132
  1291     00C3                     u30_20:
  1292     00C3                     i1l1042:
  1293     00C3  1914               	btfsc	20,2	;volatile
  1294     00C4  28C6               	goto	u31_21
  1295     00C5  28C7               	goto	u31_20
  1296     00C6                     u31_21:
  1297     00C6  28DC               	goto	i1l132
  1298     00C7                     u31_20:
  1299     00C7                     i1l1044:
  1300                           
  1301                           ;Proyecto1D2_Slave2.c: 63:             z = SSPBUF;
  1302     00C7  1283               	bcf	3,5	;RP0=0, select bank0
  1303     00C8  1303               	bcf	3,6	;RP1=0, select bank0
  1304     00C9  0813               	movf	19,w	;volatile
  1305     00CA  00F9               	movwf	_z
  1306     00CB                     i1l1046:
  1307                           
  1308                           ;Proyecto1D2_Slave2.c: 65:             PIR1bits.SSPIF = 0;
  1309     00CB  118C               	bcf	12,3	;volatile
  1310     00CC                     i1l1048:
  1311                           
  1312                           ;Proyecto1D2_Slave2.c: 66:             SSPCONbits.CKP = 1;
  1313     00CC  1614               	bsf	20,4	;volatile
  1314     00CD                     i1l133:	
  1315                           ;Proyecto1D2_Slave2.c: 67:             while(!SSPSTATbits.BF);
  1316                           
  1317     00CD  1683               	bsf	3,5	;RP0=1, select bank1
  1318     00CE  1303               	bcf	3,6	;RP1=0, select bank1
  1319     00CF  1C14               	btfss	20,0	;volatile
  1320     00D0  28D2               	goto	u32_21
  1321     00D1  28D3               	goto	u32_20
  1322     00D2                     u32_21:
  1323     00D2  28CD               	goto	i1l133
  1324     00D3                     u32_20:
  1325     00D3                     i1l1050:
  1326                           
  1327                           ;Proyecto1D2_Slave2.c: 68:             bandera = SSPBUF;
  1328     00D3  1283               	bcf	3,5	;RP0=0, select bank0
  1329     00D4  1303               	bcf	3,6	;RP1=0, select bank0
  1330     00D5  0813               	movf	19,w	;volatile
  1331     00D6  00F8               	movwf	_bandera
  1332                           
  1333                           ;Proyecto1D2_Slave2.c: 69:             _delay((unsigned long)((50)*(8000000/4000000.0)))
      +                          ;
  1334     00D7  3021               	movlw	33
  1335     00D8  00F0               	movwf	??_isr
  1336     00D9                     u55_27:
  1337     00D9  0BF0               	decfsz	??_isr,f
  1338     00DA  28D9               	goto	u55_27
  1339                           
  1340                           ;Proyecto1D2_Slave2.c: 71:         }else if(!SSPSTATbits.D_nA && SSPSTATbits.R_nW){
  1341     00DB  291C               	goto	i1l136
  1342     00DC                     i1l132:
  1343     00DC  1A94               	btfsc	20,5	;volatile
  1344     00DD  28DF               	goto	u33_21
  1345     00DE  28E0               	goto	u33_20
  1346     00DF                     u33_21:
  1347     00DF  291C               	goto	i1l136
  1348     00E0                     u33_20:
  1349     00E0                     i1l1052:
  1350     00E0  1D14               	btfss	20,2	;volatile
  1351     00E1  28E3               	goto	u34_21
  1352     00E2  28E4               	goto	u34_20
  1353     00E3                     u34_21:
  1354     00E3  291C               	goto	i1l136
  1355     00E4                     u34_20:
  1356     00E4                     i1l1054:
  1357                           
  1358                           ;Proyecto1D2_Slave2.c: 72:             z = SSPBUF;
  1359     00E4  1283               	bcf	3,5	;RP0=0, select bank0
  1360     00E5  1303               	bcf	3,6	;RP1=0, select bank0
  1361     00E6  0813               	movf	19,w	;volatile
  1362     00E7  00F9               	movwf	_z
  1363     00E8                     i1l1056:
  1364                           
  1365                           ;Proyecto1D2_Slave2.c: 73:             BF = 0;
  1366     00E8  1683               	bsf	3,5	;RP0=1, select bank1
  1367     00E9  1303               	bcf	3,6	;RP1=0, select bank1
  1368     00EA  1014               	bcf	20,0	;volatile
  1369     00EB                     i1l1058:
  1370                           
  1371                           ;Proyecto1D2_Slave2.c: 74:             if (bandera == 0){
  1372     00EB  0878               	movf	_bandera,w
  1373     00EC  1D03               	btfss	3,2
  1374     00ED  28EF               	goto	u35_21
  1375     00EE  28F0               	goto	u35_20
  1376     00EF                     u35_21:
  1377     00EF  28F5               	goto	i1l1062
  1378     00F0                     u35_20:
  1379     00F0                     i1l1060:
  1380                           
  1381                           ;Proyecto1D2_Slave2.c: 75:             SSPBUF = sensor_Luz;
  1382     00F0  1283               	bcf	3,5	;RP0=0, select bank0
  1383     00F1  1303               	bcf	3,6	;RP1=0, select bank0
  1384     00F2  0826               	movf	_sensor_Luz,w
  1385     00F3  0093               	movwf	19	;volatile
  1386                           
  1387                           ;Proyecto1D2_Slave2.c: 76:             }else if (bandera == 1){
  1388     00F4  290F               	goto	i1l139
  1389     00F5                     i1l1062:
  1390     00F5  0378               	decf	_bandera,w
  1391     00F6  1D03               	btfss	3,2
  1392     00F7  28F9               	goto	u36_21
  1393     00F8  28FA               	goto	u36_20
  1394     00F9                     u36_21:
  1395     00F9  28FF               	goto	i1l1066
  1396     00FA                     u36_20:
  1397     00FA                     i1l1064:
  1398                           
  1399                           ;Proyecto1D2_Slave2.c: 77:             SSPBUF = sensor_Infra;
  1400     00FA  1283               	bcf	3,5	;RP0=0, select bank0
  1401     00FB  1303               	bcf	3,6	;RP1=0, select bank0
  1402     00FC  0820               	movf	_sensor_Infra,w
  1403     00FD  0093               	movwf	19	;volatile
  1404                           
  1405                           ;Proyecto1D2_Slave2.c: 78:             }else if (bandera == 2){
  1406     00FE  290F               	goto	i1l139
  1407     00FF                     i1l1066:
  1408     00FF  3002               	movlw	2
  1409     0100  0678               	xorwf	_bandera,w
  1410     0101  1D03               	btfss	3,2
  1411     0102  2904               	goto	u37_21
  1412     0103  2905               	goto	u37_20
  1413     0104                     u37_21:
  1414     0104  2907               	goto	i1l1070
  1415     0105                     u37_20:
  1416     0105                     i1l1068:
  1417                           
  1418                           ;Proyecto1D2_Slave2.c: 79:                 Puente = 0;
  1419     0105  01FA               	clrf	_Puente
  1420                           
  1421                           ;Proyecto1D2_Slave2.c: 80:             }else if (bandera == 3){
  1422     0106  290F               	goto	i1l139
  1423     0107                     i1l1070:
  1424     0107  3003               	movlw	3
  1425     0108  0678               	xorwf	_bandera,w
  1426     0109  1D03               	btfss	3,2
  1427     010A  290C               	goto	u38_21
  1428     010B  290D               	goto	u38_20
  1429     010C                     u38_21:
  1430     010C  290F               	goto	i1l139
  1431     010D                     u38_20:
  1432     010D                     i1l1072:
  1433                           
  1434                           ;Proyecto1D2_Slave2.c: 81:                 Puente = 1;
  1435     010D  01FA               	clrf	_Puente
  1436     010E  0AFA               	incf	_Puente,f
  1437     010F                     i1l139:
  1438                           
  1439                           ;Proyecto1D2_Slave2.c: 83:             SSPCONbits.CKP = 1;
  1440     010F  1283               	bcf	3,5	;RP0=0, select bank0
  1441     0110  1614               	bsf	20,4	;volatile
  1442     0111                     i1l1074:
  1443                           
  1444                           ;Proyecto1D2_Slave2.c: 84:             _delay((unsigned long)((250)*(8000000/4000000.0))
      +                          );
  1445     0111  30A6               	movlw	166
  1446     0112  00F0               	movwf	??_isr
  1447     0113                     u56_27:
  1448     0113  0BF0               	decfsz	??_isr,f
  1449     0114  2913               	goto	u56_27
  1450     0115  0000               	nop
  1451     0116                     i1l145:	
  1452                           ;Proyecto1D2_Slave2.c: 85:             while(SSPSTATbits.BF);
  1453                           
  1454     0116  1683               	bsf	3,5	;RP0=1, select bank1
  1455     0117  1303               	bcf	3,6	;RP1=0, select bank1
  1456     0118  1814               	btfsc	20,0	;volatile
  1457     0119  291B               	goto	u39_21
  1458     011A  291C               	goto	u39_20
  1459     011B                     u39_21:
  1460     011B  2916               	goto	i1l145
  1461     011C                     u39_20:
  1462     011C                     i1l136:
  1463                           
  1464                           ;Proyecto1D2_Slave2.c: 88:         PIR1bits.SSPIF = 0;
  1465     011C  1283               	bcf	3,5	;RP0=0, select bank0
  1466     011D  1303               	bcf	3,6	;RP1=0, select bank0
  1467     011E  118C               	bcf	12,3	;volatile
  1468     011F                     i1l128:	
  1469                           ;Proyecto1D2_Slave2.c: 89:     }
  1470                           
  1471                           
  1472                           ;Proyecto1D2_Slave2.c: 90:    if(ADIF == 1){
  1473     011F  1F0C               	btfss	12,6	;volatile
  1474     0120  2922               	goto	u40_21
  1475     0121  2923               	goto	u40_20
  1476     0122                     u40_21:
  1477     0122  2928               	goto	i1l152
  1478     0123                     u40_20:
  1479     0123                     i1l149:
  1480     0123  1F0C               	btfss	12,6	;volatile
  1481     0124  2926               	goto	u41_21
  1482     0125  2927               	goto	u41_20
  1483     0126                     u41_21:
  1484     0126  2923               	goto	i1l149
  1485     0127                     u41_20:
  1486     0127                     i1l151:
  1487                           
  1488                           ;Proyecto1D2_Slave2.c: 92:         ADIF = 0;
  1489     0127  130C               	bcf	12,6	;volatile
  1490     0128                     i1l152:
  1491     0128  0872               	movf	??_isr+2,w
  1492     0129  008A               	movwf	10
  1493     012A  0E71               	swapf	??_isr+1,w
  1494     012B  0083               	movwf	3
  1495     012C  0EFE               	swapf	btemp,f
  1496     012D  0E7E               	swapf	btemp,w
  1497     012E  0009               	retfie
  1498     012F                     __end_of_isr:
  1499     007E                     btemp	set	126	;btemp
  1500     007E                     wtemp0	set	126
  1501                           
  1502                           	psect	intentry
  1503     0004                     __pintentry:	
  1504                           ;incstack = 0
  1505                           ; Regs used in _isr: [wreg+status,2+status,0]
  1506                           
  1507     0004                     interrupt_function:
  1508     007E                     saved_w	set	btemp
  1509     0004  00FE               	movwf	btemp
  1510     0005  0E03               	swapf	3,w
  1511     0006  00F1               	movwf	??_isr+1
  1512     0007  080A               	movf	10,w
  1513     0008  00F2               	movwf	??_isr+2
  1514     0009  120A  118A  28A9   	ljmp	_isr
  1515                           
  1516                           	psect	idloc
  1517                           
  1518                           ;Config register IDLOC0 @ 0x2000
  1519                           ;	unspecified, using default values
  1520     2000                     	org	8192
  1521     2000  3FFF               	dw	16383
  1522                           
  1523                           ;Config register IDLOC1 @ 0x2001
  1524                           ;	unspecified, using default values
  1525     2001                     	org	8193
  1526     2001  3FFF               	dw	16383
  1527                           
  1528                           ;Config register IDLOC2 @ 0x2002
  1529                           ;	unspecified, using default values
  1530     2002                     	org	8194
  1531     2002  3FFF               	dw	16383
  1532                           
  1533                           ;Config register IDLOC3 @ 0x2003
  1534                           ;	unspecified, using default values
  1535     2003                     	org	8195
  1536     2003  3FFF               	dw	16383
  1537                           
  1538                           	psect	config
  1539                           
  1540                           ;Config register CONFIG1 @ 0x2007
  1541                           ;	Oscillator Selection bits
  1542                           ;	FOSC = INTRC_NOCLKOUT, INTOSCIO oscillator: I/O function on RA6/OSC2/CLKOUT pin, I/O f
      +                          unction on RA7/OSC1/CLKIN
  1543                           ;	Watchdog Timer Enable bit
  1544                           ;	WDTE = OFF, WDT disabled and can be enabled by SWDTEN bit of the WDTCON register
  1545                           ;	Power-up Timer Enable bit
  1546                           ;	PWRTE = OFF, PWRT disabled
  1547                           ;	RE3/MCLR pin function select bit
  1548                           ;	MCLRE = OFF, RE3/MCLR pin function is digital input, MCLR internally tied to VDD
  1549                           ;	Code Protection bit
  1550                           ;	CP = OFF, Program memory code protection is disabled
  1551                           ;	Data Code Protection bit
  1552                           ;	CPD = OFF, Data memory code protection is disabled
  1553                           ;	Brown Out Reset Selection bits
  1554                           ;	BOREN = OFF, BOR disabled
  1555                           ;	Internal External Switchover bit
  1556                           ;	IESO = OFF, Internal/External Switchover mode is disabled
  1557                           ;	Fail-Safe Clock Monitor Enabled bit
  1558                           ;	FCMEN = OFF, Fail-Safe Clock Monitor is disabled
  1559                           ;	Low Voltage Programming Enable bit
  1560                           ;	LVP = OFF, RB3 pin has digital I/O, HV on MCLR must be used for programming
  1561                           ;	In-Circuit Debugger Mode bit
  1562                           ;	DEBUG = 0x1, unprogramme  1563     2007                     	org	8199
  1564     2007  20D4               	dw	8404
  1565                           
  1566                           ;Config register CONFIG2 @ 0x2008
  1567                           ;	Brown-out Reset Selection bit
  1568                           ;	BOR4V = BOR40V, Brown-out Reset set to 4.0V
  1569                           ;	Flash Program Memory Self Write Enable bits
  1570                           ;	WRT = OFF, Write protection off
  1571     2008                     	org	8200
  1572     2008  3FFF               	dw	16383

Data Sizes:
    Strings     0
    Constant    0
    Data        1
    BSS         5
    Persistent  2
    Stack       0

Auto Spaces:
    Space          Size  Autos    Used
    COMMON           14      8      11
    BANK0            80      3       8
    BANK1            80      0       0
    BANK3            96      0       0
    BANK2            96      0       0

Pointer List with Targets:

    None.

Critical Paths under _main in COMMON

    _main->_adc_init
    _setup->_I2C_Slave_Init
    _adc_init->_adc_change_channel

Critical Paths under _isr in COMMON

    None.

Critical Paths under _main in BANK0

    None.

Critical Paths under _isr in BANK0

    None.

Critical Paths under _main in BANK1

    None.

Critical Paths under _isr in BANK1

    None.

Critical Paths under _main in BANK3

    None.

Critical Paths under _isr in BANK3

    None.

Critical Paths under _main in BANK2

    None.

Critical Paths under _isr in BANK2

    None.

Call Graph Tables:

 ---------------------------------------------------------------------------------
 (Depth) Function   	        Calls       Base Space   Used Autos Params    Refs
 ---------------------------------------------------------------------------------
 (0) _main                                                 3     3      0     218
                                              0 BANK0      3     3      0
                           _adc_init
                           _adc_read
                              _setup
 ---------------------------------------------------------------------------------
 (1) _setup                                                0     0      0      22
                     _I2C_Slave_Init
 ---------------------------------------------------------------------------------
 (2) _I2C_Slave_Init                                       1     1      0      22
                                              3 COMMON     1     1      0
 ---------------------------------------------------------------------------------
 (1) _adc_read                                             4     2      2       0
                                              3 COMMON     4     2      2
 ---------------------------------------------------------------------------------
 (1) _adc_init                                             2     0      2     196
                                              6 COMMON     2     0      2
                 _adc_change_channel
 ---------------------------------------------------------------------------------
 (2) _adc_change_channel                                   3     1      2      98
                                              3 COMMON     3     1      2
 ---------------------------------------------------------------------------------
 Estimated maximum stack depth 2
 ---------------------------------------------------------------------------------
 (Depth) Function   	        Calls       Base Space   Used Autos Params    Refs
 ---------------------------------------------------------------------------------
 (3) _isr                                                  3     3      0       0
                                              0 COMMON     3     3      0
 ---------------------------------------------------------------------------------
 Estimated maximum stack depth 3
 ---------------------------------------------------------------------------------

 Call Graph Graphs:

 _main (ROOT)
   _adc_init
     _adc_change_channel
   _adc_read
   _setup
     _I2C_Slave_Init

 _isr (ROOT)

 Address spaces:
Name               Size   Autos  Total    Cost      Usage
BANK3               60      0       0       9        0.0%
BITBANK3            60      0       0       8        0.0%
SFR3                 0      0       0       4        0.0%
BITSFR3              0      0       0       4        0.0%
BANK2               60      0       0      11        0.0%
BITBANK2            60      0       0      10        0.0%
SFR2                 0      0       0       5        0.0%
BITSFR2              0      0       0       5        0.0%
BANK1               50      0       0       7        0.0%
BITBANK1            50      0       0       6        0.0%
SFR1                 0      0       0       2        0.0%
BITSFR1              0      0       0       2        0.0%
BANK0               50      3       8       5       10.0%
BITBANK0            50      0       0       4        0.0%
SFR0                 0      0       0       1        0.0%
BITSFR0              0      0       0       1        0.0%
COMMON               E      8       B       1       78.6%
BITCOMMON            E      0       0       0        0.0%
CODE                 0      0       0       0        0.0%
DATA                 0      0      13      12        0.0%
ABS                  0      0      13       3        0.0%
NULL                 0      0       0       0        0.0%
STACK                0      0       0       2        0.0%
EEDATA             100      0       0       0        0.0%


Microchip Technology PIC Macro Assembler V2.40 build 20220703182018 
Symbol Table                                                                                   Sun Aug 27 01:29:17 2023

                         _z 0079                 _SSPSTATbits 0094                          _BF 04A0  
                        l55 016A                         l171 0150                         l190 0190  
                       l158 0049                         l184 0181                         l193 019C  
                       l187 0185                         l980 0162                         l982 0163  
                       l974 0152                         l990 012F                         l984 0164  
                       l976 0160                         l992 0133                         l986 0167  
                       l978 0161                         l994 0134                         _GIE 005F  
                       l988 0191                         l996 0143                         l998 0149  
                       u260 0189                         u500 0089                         u261 0188  
                       u501 0088                         u510 009E                         u511 009D  
                       u470 0043                         u527 005D                         u471 0042  
                       u480 0053                         u537 0079                         u481 0052  
                       u490 006F                         u547 0091                         u491 006E  
                       u475 003F                         _isr 00A9                        l1000 014D  
                      l1010 0177                        l1002 014E                        l1012 0178  
                      l1020 0182                        l1004 014F                        l1014 0179  
                      l1006 016B                        l1022 0189                        l1016 017A  
                      l1008 0174                        l1120 004E                        l1112 001E  
                      l1018 0180                        l1130 006F                        l1122 0053  
                      l1114 002B                        l1140 0098                        l1132 0071  
                      l1124 0055                        l1116 0036                        l1142 009E  
                      l1134 0080                        l1126 0064                        l1118 0043  
                      l1144 00A3                        l1136 0085                        l1128 006A  
                      l1138 0089                        _ADIF 0066                        ?_isr 0070  
                      _PEIE 005E                        _dato 0022                        _main 001E  
                      btemp 007E                        start 000C                       ??_isr 0070  
                     ?_main 0070                       _ANSEL 0188                       i1l132 00DC  
                     i1l133 00CD                       i1l151 0127                       i1l152 0128  
                     i1l136 011C                       i1l128 011F                       i1l145 0116  
                     i1l139 010F                       i1l149 0123                       u30_20 00C3  
                     u30_21 00C2                       u31_20 00C7                       u31_21 00C6  
                     u40_20 0123                       u32_20 00D3                       u40_21 0122  
                     u32_21 00D2                       u41_20 0127                       u33_20 00E0  
                     u41_21 0126                       u33_21 00DF                       u34_20 00E4  
                     u34_21 00E3                       u35_20 00F0                       u27_20 00AF  
                     u35_21 00EF                       u27_21 00AE                       _PORTA 0005  
                     _PORTB 0006                       _PORTC 0007                       _PORTD 0008  
                     _PORTE 0009                       u36_20 00FA                       u28_20 00B4  
                     u36_21 00F9                       u28_21 00B3                       u37_20 0105  
                     u29_20 00B8                       u37_21 0104                       u29_21 00B7  
                     u38_20 010D                       u38_21 010C                       u39_20 011C  
                     u39_21 011B                       u55_27 00D9                       u56_27 0113  
                     _TRISA 0085                       _TRISB 0086                       _TRISC 0087  
                     _TRISD 0088                       _SSPIE 0463                       _TRISE 0089  
                     _SSPIF 0063                       _setup 012F                       pclath 000A  
                     status 0003                       wtemp0 007E             __initialization 000F  
              __end_of_main 00A9                      ??_main 0023                      _ADRESH 001E  
                    ?_setup 0070                      _ANSELH 0189            __end_of_adc_init 0182  
          __end_of_adc_read 0191                      i1l1030 00B4                      i1l1040 00BD  
                    i1l1032 00B8                      i1l1050 00D3                      i1l1042 00C3  
                    i1l1034 00BA                      i1l1026 00A9                      i1l1060 00F0  
                    i1l1052 00E0                      i1l1044 00C7                      i1l1036 00BB  
                    i1l1028 00AF                      i1l1070 0107                      i1l1062 00F5  
                    i1l1054 00E4                      i1l1046 00CB                      i1l1038 00BC  
                    i1l1072 010D                      i1l1064 00FA                      i1l1056 00E8  
                    i1l1048 00CC                      i1l1074 0111                      i1l1066 00FF  
                    i1l1058 00EB                      i1l1068 0105                      _SSPADD 0093  
                    _TRISC3 043B                      _TRISC4 043C                      _SSPCON 0014  
                    _SSPBUF 0013   adc_change_channel@channel 0073                      _Puente 007A  
              __pdataCOMMON 007A                      saved_w 007E     __end_of__initialization 001A  
            __pcstackCOMMON 0070               __end_of_setup 0151                     ??_setup 0074  
     I2C_Slave_Init@address 0073                  __pbssBANK0 0020                  __pmaintext 001E  
                __pintentry 0004                   ?_adc_init 0076                   ?_adc_read 0073  
                   _SSPCON2 0091                     _SSPSTAT 0094                     _bandera 0078  
                ??_adc_init 0078                  ??_adc_read 0075                     __ptext1 012F  
                   __ptext2 0151                     __ptext3 0182                     __ptext4 016B  
                   __ptext5 0191                     __ptext6 00A9        end_of_initialization 001A  
            _I2C_Slave_Init 0151                  _sensor_Luz 0026                   _PORTAbits 0005  
                 _PORTCbits 0007                   _PORTDbits 0008                   _TRISCbits 0087  
    __end_of_I2C_Slave_Init 016B               __pidataCOMMON 019D  __end_of_adc_change_channel 019D  
       start_initialization 000F                 __end_of_isr 012F             ?_I2C_Slave_Init 0070  
           adc_init@channel 0076                 __pbssCOMMON 0078                   ___latbits 0002  
             __pcstackBANK0 0023                   __pnvBANK0 0026           interrupt_function 0004  
                  _PIE1bits 008C                    _PIR1bits 000C                  _ADCON0bits 001F  
                _ADCON1bits 009F                    _adc_init 016B                    _adc_read 0182  
          ??_I2C_Slave_Init 0073          _adc_change_channel 0191         ?_adc_change_channel 0073  
                _INTCONbits 000B        ??_adc_change_channel 0075                _sensor_Infra 0020  
                  intlevel1 0000                  _OSCCONbits 008F                 _SSPCON2bits 0091  
                _SSPCONbits 0014  
